This file contains any messages produced by compilers while
running configure, to aid debugging if configure makes a mistake.

It was created by SAMstat configure 1.5.1, which was
generated by GNU Autoconf 2.69.  Invocation command line was

  $ ./configure 

## --------- ##
## Platform. ##
## --------- ##

hostname = pombe.host.utmb.edu
uname -m = x86_64
uname -r = 3.19.8-100.fc20.x86_64
uname -s = Linux
uname -v = #1 SMP Tue May 12 17:08:50 UTC 2015

/usr/bin/uname -p = x86_64
/bin/uname -X     = unknown

/bin/arch              = x86_64
/usr/bin/arch -k       = unknown
/usr/convex/getsysinfo = unknown
/usr/bin/hostinfo      = unknown
/bin/machine           = unknown
/usr/bin/oslevel       = unknown
/bin/universe          = unknown

PATH: /usr/lib64/qt-3.3/bin
PATH: /usr/lib64/ccache
PATH: /usr/local/bin
PATH: /usr/bin
PATH: /usr/local/sbin
PATH: /usr/sbin
PATH: /data/store/befongan/bin


## ----------- ##
## Core tests. ##
## ----------- ##

configure:2084: checking for a BSD-compatible install
configure:2152: result: /usr/bin/install -c
configure:2163: checking whether build environment is sane
configure:2218: result: yes
configure:2369: checking for a thread-safe mkdir -p
configure:2408: result: /usr/bin/mkdir -p
configure:2415: checking for gawk
configure:2431: found /usr/bin/gawk
configure:2442: result: gawk
configure:2453: checking whether make sets $(MAKE)
configure:2475: result: yes
configure:2504: checking whether make supports nested variables
configure:2521: result: yes
configure:2810: checking whether self tests are run under valgrind
configure:2812: result: no
configure:2814: result: no
configure:2822: checking for samtools
configure:2838: found /data/store/befongan/bin/samtools
configure:2849: result: samtools
configure:2924: checking for gcc
configure:2940: found /usr/lib64/ccache/gcc
configure:2951: result: gcc
configure:3180: checking for C compiler version
configure:3189: gcc --version >&5
gcc (GCC) 4.8.3 20140911 (Red Hat 4.8.3-7)
Copyright (C) 2013 Free Software Foundation, Inc.
This is free software; see the source for copying conditions.  There is NO
warranty; not even for MERCHANTABILITY or FITNESS FOR A PARTICULAR PURPOSE.

configure:3200: $? = 0
configure:3189: gcc -v >&5
Using built-in specs.
COLLECT_GCC=/usr/bin/gcc
COLLECT_LTO_WRAPPER=/usr/libexec/gcc/x86_64-redhat-linux/4.8.3/lto-wrapper
Target: x86_64-redhat-linux
Configured with: ../configure --prefix=/usr --mandir=/usr/share/man --infodir=/usr/share/info --with-bugurl=http://bugzilla.redhat.com/bugzilla --enable-bootstrap --enable-shared --enable-threads=posix --enable-checking=release --with-system-zlib --enable-__cxa_atexit --disable-libunwind-exceptions --enable-gnu-unique-object --enable-linker-build-id --with-linker-hash-style=gnu --enable-languages=c,c++,objc,obj-c++,java,fortran,ada,go,lto --enable-plugin --enable-initfini-array --enable-java-awt=gtk --disable-dssi --with-java-home=/usr/lib/jvm/java-1.5.0-gcj-1.5.0.0/jre --enable-libgcj-multifile --enable-java-maintainer-mode --with-ecj-jar=/usr/share/java/eclipse-ecj.jar --disable-libjava-multilib --with-isl=/builddir/build/BUILD/gcc-4.8.3-20140911/obj-x86_64-redhat-linux/isl-install --with-cloog=/builddir/build/BUILD/gcc-4.8.3-20140911/obj-x86_64-redhat-linux/cloog-install --with-tune=generic --with-arch_32=i686 --build=x86_64-redhat-linux
Thread model: posix
gcc version 4.8.3 20140911 (Red Hat 4.8.3-7) (GCC) 
configure:3200: $? = 0
configure:3189: gcc -V >&5
gcc: error: unrecognized command line option '-V'
gcc: fatal error: no input files
compilation terminated.
configure:3200: $? = 4
configure:3189: gcc -qversion >&5
gcc: error: unrecognized command line option '-qversion'
gcc: fatal error: no input files
compilation terminated.
configure:3200: $? = 4
configure:3220: checking whether the C compiler works
configure:3242: gcc   -O2 -funroll-loops   -Wall  -std=gnu99    conftest.c  >&5
configure:3246: $? = 0
configure:3294: result: yes
configure:3297: checking for C compiler default output file name
configure:3299: result: a.out
configure:3305: checking for suffix of executables
configure:3312: gcc -o conftest   -O2 -funroll-loops   -Wall  -std=gnu99    conftest.c  >&5
configure:3316: $? = 0
configure:3338: result: 
configure:3360: checking whether we are cross compiling
configure:3368: gcc -o conftest   -O2 -funroll-loops   -Wall  -std=gnu99    conftest.c  >&5
configure:3372: $? = 0
configure:3379: ./conftest
configure:3383: $? = 0
configure:3398: result: no
configure:3403: checking for suffix of object files
configure:3425: gcc -c   -O2 -funroll-loops   -Wall  -std=gnu99   conftest.c >&5
configure:3429: $? = 0
configure:3450: result: o
configure:3454: checking whether we are using the GNU C compiler
configure:3473: gcc -c   -O2 -funroll-loops   -Wall  -std=gnu99   conftest.c >&5
configure:3473: $? = 0
configure:3482: result: yes
configure:3491: checking whether gcc accepts -g
configure:3511: gcc -c -g  conftest.c >&5
configure:3511: $? = 0
configure:3552: result: yes
configure:3569: checking for gcc option to accept ISO C89
configure:3632: gcc  -c   -O2 -funroll-loops   -Wall  -std=gnu99   conftest.c >&5
configure:3632: $? = 0
configure:3645: result: none needed
configure:3670: checking whether gcc understands -c and -o together
configure:3692: gcc -c conftest.c -o conftest2.o
configure:3695: $? = 0
configure:3692: gcc -c conftest.c -o conftest2.o
configure:3695: $? = 0
configure:3707: result: yes
configure:3735: checking for style of include used by make
configure:3763: result: GNU
configure:3789: checking dependency style of gcc
configure:3900: result: gcc3
configure:3959: checking for ranlib
configure:3975: found /usr/bin/ranlib
configure:3986: result: ranlib
configure:4018: checking how to run the C preprocessor
configure:4049: gcc -E  conftest.c
configure:4049: $? = 0
configure:4063: gcc -E  conftest.c
conftest.c:12:28: fatal error: ac_nonexistent.h: No such file or directory
 #include <ac_nonexistent.h>
                            ^
compilation terminated.
configure:4063: $? = 1
configure: failed program was:
| /* confdefs.h */
| #define PACKAGE_NAME "SAMstat"
| #define PACKAGE_TARNAME "samstat"
| #define PACKAGE_VERSION "1.5.1"
| #define PACKAGE_STRING "SAMstat 1.5.1"
| #define PACKAGE_BUGREPORT "timolassmann@gmail.com"
| #define PACKAGE_URL ""
| #define PACKAGE "samstat"
| #define VERSION "1.5.1"
| #define kslDEBUGLEVEL 0
| /* end confdefs.h.  */
| #include <ac_nonexistent.h>
configure:4088: result: gcc -E
configure:4108: gcc -E  conftest.c
configure:4108: $? = 0
configure:4122: gcc -E  conftest.c
conftest.c:12:28: fatal error: ac_nonexistent.h: No such file or directory
 #include <ac_nonexistent.h>
                            ^
compilation terminated.
configure:4122: $? = 1
configure: failed program was:
| /* confdefs.h */
| #define PACKAGE_NAME "SAMstat"
| #define PACKAGE_TARNAME "samstat"
| #define PACKAGE_VERSION "1.5.1"
| #define PACKAGE_STRING "SAMstat 1.5.1"
| #define PACKAGE_BUGREPORT "timolassmann@gmail.com"
| #define PACKAGE_URL ""
| #define PACKAGE "samstat"
| #define VERSION "1.5.1"
| #define kslDEBUGLEVEL 0
| /* end confdefs.h.  */
| #include <ac_nonexistent.h>
configure:4151: checking for grep that handles long lines and -e
configure:4209: result: /usr/bin/grep
configure:4214: checking for egrep
configure:4276: result: /usr/bin/grep -E
configure:4281: checking for ANSI C header files
configure:4301: gcc -c   -O2 -funroll-loops   -Wall  -std=gnu99   conftest.c >&5
configure:4301: $? = 0
configure:4374: gcc -o conftest   -O2 -funroll-loops   -Wall  -std=gnu99    conftest.c  >&5
configure:4374: $? = 0
configure:4374: ./conftest
configure:4374: $? = 0
configure:4385: result: yes
configure:4398: checking for sys/types.h
configure:4398: gcc -c   -O2 -funroll-loops   -Wall  -std=gnu99   conftest.c >&5
configure:4398: $? = 0
configure:4398: result: yes
configure:4398: checking for sys/stat.h
configure:4398: gcc -c   -O2 -funroll-loops   -Wall  -std=gnu99   conftest.c >&5
configure:4398: $? = 0
configure:4398: result: yes
configure:4398: checking for stdlib.h
configure:4398: gcc -c   -O2 -funroll-loops   -Wall  -std=gnu99   conftest.c >&5
configure:4398: $? = 0
configure:4398: result: yes
configure:4398: checking for string.h
configure:4398: gcc -c   -O2 -funroll-loops   -Wall  -std=gnu99   conftest.c >&5
configure:4398: $? = 0
configure:4398: result: yes
configure:4398: checking for memory.h
configure:4398: gcc -c   -O2 -funroll-loops   -Wall  -std=gnu99   conftest.c >&5
configure:4398: $? = 0
configure:4398: result: yes
configure:4398: checking for strings.h
configure:4398: gcc -c   -O2 -funroll-loops   -Wall  -std=gnu99   conftest.c >&5
configure:4398: $? = 0
configure:4398: result: yes
configure:4398: checking for inttypes.h
configure:4398: gcc -c   -O2 -funroll-loops   -Wall  -std=gnu99   conftest.c >&5
configure:4398: $? = 0
configure:4398: result: yes
configure:4398: checking for stdint.h
configure:4398: gcc -c   -O2 -funroll-loops   -Wall  -std=gnu99   conftest.c >&5
configure:4398: $? = 0
configure:4398: result: yes
configure:4398: checking for unistd.h
configure:4398: gcc -c   -O2 -funroll-loops   -Wall  -std=gnu99   conftest.c >&5
configure:4398: $? = 0
configure:4398: result: yes
configure:4413: checking ctype.h usability
configure:4413: gcc -c   -O2 -funroll-loops   -Wall  -std=gnu99   conftest.c >&5
configure:4413: $? = 0
configure:4413: result: yes
configure:4413: checking ctype.h presence
configure:4413: gcc -E  conftest.c
configure:4413: $? = 0
configure:4413: result: yes
configure:4413: checking for ctype.h
configure:4413: result: yes
configure:4413: checking getopt.h usability
configure:4413: gcc -c   -O2 -funroll-loops   -Wall  -std=gnu99   conftest.c >&5
configure:4413: $? = 0
configure:4413: result: yes
configure:4413: checking getopt.h presence
configure:4413: gcc -E  conftest.c
configure:4413: $? = 0
configure:4413: result: yes
configure:4413: checking for getopt.h
configure:4413: result: yes
configure:4413: checking math.h usability
configure:4413: gcc -c   -O2 -funroll-loops   -Wall  -std=gnu99   conftest.c >&5
configure:4413: $? = 0
configure:4413: result: yes
configure:4413: checking math.h presence
configure:4413: gcc -E  conftest.c
configure:4413: $? = 0
configure:4413: result: yes
configure:4413: checking for math.h
configure:4413: result: yes
configure:4413: checking stdio.h usability
configure:4413: gcc -c   -O2 -funroll-loops   -Wall  -std=gnu99   conftest.c >&5
configure:4413: $? = 0
configure:4413: result: yes
configure:4413: checking stdio.h presence
configure:4413: gcc -E  conftest.c
configure:4413: $? = 0
configure:4413: result: yes
configure:4413: checking for stdio.h
configure:4413: result: yes
configure:4413: checking for stdlib.h
configure:4413: result: yes
configure:4413: checking for string.h
configure:4413: result: yes
configure:4413: checking for sys/stat.h
configure:4413: result: yes
configure:4413: checking time.h usability
configure:4413: gcc -c   -O2 -funroll-loops   -Wall  -std=gnu99   conftest.c >&5
configure:4413: $? = 0
configure:4413: result: yes
configure:4413: checking time.h presence
configure:4413: gcc -E  conftest.c
configure:4413: $? = 0
configure:4413: result: yes
configure:4413: checking for time.h
configure:4413: result: yes
configure:4426: checking for an ANSI C-conforming const
configure:4492: gcc -c   -O2 -funroll-loops   -Wall  -std=gnu99   conftest.c >&5
configure:4492: $? = 0
configure:4499: result: yes
configure:4511: checking for stdlib.h
configure:4511: result: yes
configure:4521: checking for GNU libc compatible malloc
configure:4545: gcc -o conftest   -O2 -funroll-loops   -Wall  -std=gnu99    conftest.c  >&5
configure:4545: $? = 0
configure:4545: ./conftest
configure:4545: $? = 0
configure:4555: result: yes
configure:4578: checking for stdlib.h
configure:4578: result: yes
configure:4588: checking for GNU libc compatible realloc
configure:4612: gcc -o conftest   -O2 -funroll-loops   -Wall  -std=gnu99    conftest.c  >&5
configure:4612: $? = 0
configure:4612: ./conftest
configure:4612: $? = 0
configure:4622: result: yes
configure:4764: checking that generated files are newer than configure
configure:4770: result: done
configure:4793: creating ./config.status

## ---------------------- ##
## Running config.status. ##
## ---------------------- ##

This file was extended by SAMstat config.status 1.5.1, which was
generated by GNU Autoconf 2.69.  Invocation command line was

  CONFIG_FILES    = 
  CONFIG_HEADERS  = 
  CONFIG_LINKS    = 
  CONFIG_COMMANDS = 
  $ ./config.status 

on pombe.host.utmb.edu

config.status:871: creating Makefile
config.status:871: creating dev/Makefile
config.status:871: creating src/Makefile
config.status:871: creating lib/Makefile
config.status:871: creating src/config.h
config.status:1100: executing depfiles commands

## ---------------- ##
## Cache variables. ##
## ---------------- ##

ac_cv_c_compiler_gnu=yes
ac_cv_c_const=yes
ac_cv_env_CC_set=
ac_cv_env_CC_value=
ac_cv_env_CFLAGS_set=
ac_cv_env_CFLAGS_value=
ac_cv_env_CPPFLAGS_set=
ac_cv_env_CPPFLAGS_value=
ac_cv_env_CPP_set=
ac_cv_env_CPP_value=
ac_cv_env_LDFLAGS_set=
ac_cv_env_LDFLAGS_value=
ac_cv_env_LIBS_set=
ac_cv_env_LIBS_value=
ac_cv_env_build_alias_set=
ac_cv_env_build_alias_value=
ac_cv_env_host_alias_set=
ac_cv_env_host_alias_value=
ac_cv_env_target_alias_set=
ac_cv_env_target_alias_value=
ac_cv_func_malloc_0_nonnull=yes
ac_cv_func_realloc_0_nonnull=yes
ac_cv_header_ctype_h=yes
ac_cv_header_getopt_h=yes
ac_cv_header_inttypes_h=yes
ac_cv_header_math_h=yes
ac_cv_header_memory_h=yes
ac_cv_header_stdc=yes
ac_cv_header_stdint_h=yes
ac_cv_header_stdio_h=yes
ac_cv_header_stdlib_h=yes
ac_cv_header_string_h=yes
ac_cv_header_strings_h=yes
ac_cv_header_sys_stat_h=yes
ac_cv_header_sys_types_h=yes
ac_cv_header_time_h=yes
ac_cv_header_unistd_h=yes
ac_cv_objext=o
ac_cv_path_EGREP='/usr/bin/grep -E'
ac_cv_path_GREP=/usr/bin/grep
ac_cv_path_install='/usr/bin/install -c'
ac_cv_path_mkdir=/usr/bin/mkdir
ac_cv_prog_AWK=gawk
ac_cv_prog_CPP='gcc -E'
ac_cv_prog_SAMTOOLS=samtools
ac_cv_prog_ac_ct_CC=gcc
ac_cv_prog_ac_ct_RANLIB=ranlib
ac_cv_prog_cc_c89=
ac_cv_prog_cc_g=yes
ac_cv_prog_make_make_set=yes
am_cv_CC_dependencies_compiler_type=gcc3
am_cv_make_support_nested_variables=yes
am_cv_prog_cc_c_o=yes

## ----------------- ##
## Output variables. ##
## ----------------- ##

ACLOCAL='${SHELL} /data/store/befongan/software-dev/samstat-1.5.1/missing aclocal-1.14'
AMDEPBACKSLASH='\'
AMDEP_FALSE='#'
AMDEP_TRUE=''
AMTAR='$${TAR-tar}'
AM_BACKSLASH='\'
AM_DEFAULT_V='$(AM_DEFAULT_VERBOSITY)'
AM_DEFAULT_VERBOSITY='1'
AM_V='$(V)'
AUTOCONF='${SHELL} /data/store/befongan/software-dev/samstat-1.5.1/missing autoconf'
AUTOHEADER='${SHELL} /data/store/befongan/software-dev/samstat-1.5.1/missing autoheader'
AUTOMAKE='${SHELL} /data/store/befongan/software-dev/samstat-1.5.1/missing automake-1.14'
AWK='gawk'
CC='gcc'
CCDEPMODE='depmode=gcc3'
CFLAGS='  -O2 -funroll-loops   -Wall  -std=gnu99 '
CPP='gcc -E'
CPPFLAGS=''
CYGPATH_W='echo'
DEFS='-DHAVE_CONFIG_H'
DEPDIR='.deps'
ECHO_C=''
ECHO_N='-n'
ECHO_T=''
EGREP='/usr/bin/grep -E'
EXEEXT=''
GREP='/usr/bin/grep'
INSTALL_DATA='${INSTALL} -m 644'
INSTALL_PROGRAM='${INSTALL}'
INSTALL_SCRIPT='${INSTALL}'
INSTALL_STRIP_PROGRAM='$(install_sh) -c -s'
LDFLAGS=''
LIBOBJS=''
LIBS=''
LTLIBOBJS=''
MAKEINFO='${SHELL} /data/store/befongan/software-dev/samstat-1.5.1/missing makeinfo'
MKDIR_P='/usr/bin/mkdir -p'
OBJEXT='o'
PACKAGE='samstat'
PACKAGE_BUGREPORT='timolassmann@gmail.com'
PACKAGE_NAME='SAMstat'
PACKAGE_STRING='SAMstat 1.5.1'
PACKAGE_TARNAME='samstat'
PACKAGE_URL=''
PACKAGE_VERSION='1.5.1'
PATH_SEPARATOR=':'
RANLIB='ranlib'
SAMTOOLS='samtools'
SET_MAKE=''
SHELL='/bin/sh'
STRIP=''
VALGRIND=''
VERSION='1.5.1'
ac_ct_CC='gcc'
am__EXEEXT_FALSE=''
am__EXEEXT_TRUE='#'
am__fastdepCC_FALSE='#'
am__fastdepCC_TRUE=''
am__include='include'
am__isrc=''
am__leading_dot='.'
am__nodep='_no'
am__quote=''
am__tar='$${TAR-tar} chof - "$$tardir"'
am__untar='$${TAR-tar} xf -'
bindir='${exec_prefix}/bin'
build_alias=''
datadir='${datarootdir}'
datarootdir='${prefix}/share'
docdir='${datarootdir}/doc/${PACKAGE_TARNAME}'
dvidir='${docdir}'
exec_prefix='${prefix}'
host_alias=''
htmldir='${docdir}'
includedir='${prefix}/include'
infodir='${datarootdir}/info'
install_sh='${SHELL} /data/store/befongan/software-dev/samstat-1.5.1/install-sh'
libdir='${exec_prefix}/lib'
libexecdir='${exec_prefix}/libexec'
localedir='${datarootdir}/locale'
localstatedir='${prefix}/var'
mandir='${datarootdir}/man'
mkdir_p='$(MKDIR_P)'
oldincludedir='/usr/include'
pdfdir='${docdir}'
prefix='/usr/local'
program_transform_name='s,x,x,'
psdir='${docdir}'
sbindir='${exec_prefix}/sbin'
sharedstatedir='${prefix}/com'
sysconfdir='${prefix}/etc'
target_alias=''

## ----------- ##
## confdefs.h. ##
## ----------- ##

/* confdefs.h */
#define PACKAGE_NAME "SAMstat"
#define PACKAGE_TARNAME "samstat"
#define PACKAGE_VERSION "1.5.1"
#define PACKAGE_STRING "SAMstat 1.5.1"
#define PACKAGE_BUGREPORT "timolassmann@gmail.com"
#define PACKAGE_URL ""
#define PACKAGE "samstat"
#define VERSION "1.5.1"
#define kslDEBUGLEVEL 0
#define STDC_HEADERS 1
#define HAVE_SYS_TYPES_H 1
#define HAVE_SYS_STAT_H 1
#define HAVE_STDLIB_H 1
#define HAVE_STRING_H 1
#define HAVE_MEMORY_H 1
#define HAVE_STRINGS_H 1
#define HAVE_INTTYPES_H 1
#define HAVE_STDINT_H 1
#define HAVE_UNISTD_H 1
#define HAVE_CTYPE_H 1
#define HAVE_GETOPT_H 1
#define HAVE_MATH_H 1
#define HAVE_STDIO_H 1
#define HAVE_STDLIB_H 1
#define HAVE_STRING_H 1
#define HAVE_SYS_STAT_H 1
#define HAVE_TIME_H 1
#define HAVE_STDLIB_H 1
#define HAVE_MALLOC 1
#define HAVE_STDLIB_H 1
#define HAVE_REALLOC 1

configure: exit 0
